# JRE version: Java(TM) SE Runtime Environment (8.0_60-b27) (build 1.8.0_60-b27)
# Java VM: Java HotSpot(TM) 64-Bit Server VM (25.60-b23 mixed mode linux-amd64 compressed oops)
Heap:
 PSYoungGen      total 493568K, used 166652K [0x00000000e0000000, 0x0000000100000000, 0x0000000100000000)
  eden space 470016K, 30% used [0x00000000e0000000,0x00000000e8bc7328,0x00000000fcb00000)
  from space 23552K, 99% used [0x00000000fcb00000,0x00000000fe1f8020,0x00000000fe200000)
  to   space 27648K, 0% used [0x00000000fe500000,0x00000000fe500000,0x0000000100000000)
 ParOldGen       total 1572864K, used 1284243K [0x0000000080000000, 0x00000000e0000000, 0x00000000e0000000)
  object space 1572864K, 81% used [0x0000000080000000,0x00000000ce624e60,0x00000000e0000000)
 Metaspace       used 51328K, capacity 52048K, committed 52568K, reserved 1095680K
  class space    used 5475K, capacity 5650K, committed 5760K, reserved 1048576K
GC Heap History (10 events):
// 十次fullGC日志, 只保留最后俩次
Event: 194330.858 GC heap before
{Heap before GC invocations=4790 (full 325):
 PSYoungGen      total 497152K, used 492928K [0x00000000e0000000, 0x0000000100000000, 0x0000000100000000)
  eden space 471040K, 100% used [0x00000000e0000000,0x00000000fcc00000,0x00000000fcc00000)
  from space 26112K, 83% used [0x00000000fe680000,0x00000000ffbe0080,0x0000000100000000)
  to   space 26624K, 0% used [0x00000000fcc00000,0x00000000fcc00000,0x00000000fe600000)
 ParOldGen       total 1572864K, used 1282358K [0x0000000080000000, 0x00000000e0000000, 0x00000000e0000000)
  object space 1572864K, 81% used [0x0000000080000000,0x00000000ce44da78,0x00000000e0000000)
 Metaspace       used 51328K, capacity 52048K, committed 52568K, reserved 1095680K
  class space    used 5475K, capacity 5650K, committed 5760K, reserved 1048576K
Event: 194330.932 GC heap after
Heap after GC invocations=4790 (full 325):
 PSYoungGen      total 497664K, used 22048K [0x00000000e0000000, 0x0000000100000000, 0x0000000100000000)
  eden space 471040K, 0% used [0x00000000e0000000,0x00000000e0000000,0x00000000fcc00000)
  from space 26624K, 82% used [0x00000000fcc00000,0x00000000fe188020,0x00000000fe600000)
  to   space 26624K, 0% used [0x00000000fe600000,0x00000000fe600000,0x0000000100000000)
 ParOldGen       total 1572864K, used 1283163K [0x0000000080000000, 0x00000000e0000000, 0x00000000e0000000)
  object space 1572864K, 81% used [0x0000000080000000,0x00000000ce516e40,0x00000000e0000000)
 Metaspace       used 51328K, capacity 52048K, committed 52568K, reserved 1095680K
  class space    used 5475K, capacity 5650K, committed 5760K, reserved 1048576K
}
Event: 194364.307 GC heap before
{Heap before GC invocations=4791 (full 325):
 PSYoungGen      total 497664K, used 493088K [0x00000000e0000000, 0x0000000100000000, 0x0000000100000000)
  eden space 471040K, 100% used [0x00000000e0000000,0x00000000fcc00000,0x00000000fcc00000)
  from space 26624K, 82% used [0x00000000fcc00000,0x00000000fe188020,0x00000000fe600000)
  to   space 26624K, 0% used [0x00000000fe600000,0x00000000fe600000,0x0000000100000000)
 ParOldGen       total 1572864K, used 1283163K [0x0000000080000000, 0x00000000e0000000, 0x00000000e0000000)
  object space 1572864K, 81% used [0x0000000080000000,0x00000000ce516e40,0x00000000e0000000)
 Metaspace       used 51328K, capacity 52048K, committed 52568K, reserved 1095680K
  class space    used 5475K, capacity 5650K, committed 5760K, reserved 1048576K
Event: 194364.362 GC heap after
Heap after GC invocations=4791 (full 325):
 PSYoungGen      total 496640K, used 23456K [0x00000000e0000000, 0x0000000100000000, 0x0000000100000000)
  eden space 470016K, 0% used [0x00000000e0000000,0x00000000e0000000,0x00000000fcb00000)
  from space 26624K, 88% used [0x00000000fe600000,0x00000000ffce8010,0x0000000100000000)
  to   space 27136K, 0% used [0x00000000fcb00000,0x00000000fcb00000,0x00000000fe580000)
 ParOldGen       total 1572864K, used 1283747K [0x0000000080000000, 0x00000000e0000000, 0x00000000e0000000)
  object space 1572864K, 81% used [0x0000000080000000,0x00000000ce5a8e40,0x00000000e0000000)
 Metaspace       used 51328K, capacity 52048K, committed 52568K, reserved 1095680K
  class space    used 5475K, capacity 5650K, committed 5760K, reserved 1048576K
}
// 在这次GC的时候发生内存溢出. 
// from区还剩余3194KB的内存, eden区有470016KB的内存需要转存到from上, 很明显不够, 还差466822内存
// old还剩余298844KB. 还差167977KB(164M)的内存.  
Event: 194407.296 GC heap before
{Heap before GC invocations=4792 (full 325):
 PSYoungGen      total 496640K, used 493472K [0x00000000e0000000, 0x0000000100000000, 0x0000000100000000)
  eden space 470016K, 100% used [0x00000000e0000000,0x00000000fcb00000,0x00000000fcb00000)
  from space 26624K, 88% used [0x00000000fe600000,0x00000000ffce8010,0x0000000100000000)
  to   space 27136K, 0% used [0x00000000fcb00000,0x00000000fcb00000,0x00000000fe580000)
 ParOldGen       total 1572864K, used 1283747K [0x0000000080000000, 0x00000000e0000000, 0x00000000e0000000)
  object space 1572864K, 81% used [0x0000000080000000,0x00000000ce5a8e40,0x00000000e0000000)
 Metaspace       used 51328K, capacity 52048K, committed 52568K, reserved 1095680K
  class space    used 5475K, capacity 5650K, committed 5760K, reserved 1048576K
Event: 194407.352 GC heap after
Heap after GC invocations=4792 (full 325):
 PSYoungGen      total 493568K, used 23520K [0x00000000e0000000, 0x0000000100000000, 0x0000000100000000)
  eden space 470016K, 0% used [0x00000000e0000000,0x00000000e0000000,0x00000000fcb00000)
  from space 23552K, 99% used [0x00000000fcb00000,0x00000000fe1f8020,0x00000000fe200000)
  to   space 27648K, 0% used [0x00000000fe500000,0x00000000fe500000,0x0000000100000000)
 ParOldGen       total 1572864K, used 1284243K [0x0000000080000000, 0x00000000e0000000, 0x00000000e0000000)
  object space 1572864K, 81% used [0x0000000080000000,0x00000000ce624e60,0x00000000e0000000)
 Metaspace       used 51328K, capacity 52048K, committed 52568K, reserved 1095680K
  class space    used 5475K, capacity 5650K, committed 5760K, reserved 1048576K
}
```

```java
// 去优化事件
Deoptimization events (10 events):
Event: 189304.095 Thread 0x00007fdee80ec000 Uncommon trap: reason=unstable_if action=reinterpret pc=0x00007fdf0717d3cc method=java.util.TimSort.countRunAndMakeAscending([Ljava/lang/Object;IILjava/util/Comparator;)I @ 95
Event: 189307.916 Thread 0x00007fdee8139000 Uncommon trap: reason=unstable_if action=reinterpret pc=0x00007fdf06b59c40 method=java.util.TimSort.countRunAndMakeAscending([Ljava/lang/Object;IILjava/util/Comparator;)I @ 95
Event: 190298.926 Thread 0x00007fdf15aa1800 Uncommon trap: reason=bimorphic action=maybe_recompile pc=0x00007fdf05ab16f0 method=java.util.HashMap.removeNode(ILjava/lang/Object;Ljava/lang/Object;ZZ)Ljava/util/HashMap$Node; @ 143
Event: 190739.254 Thread 0x00007fdf15f11000 Uncommon trap: reason=unstable_if action=reinterpret pc=0x00007fdf06ebb004 method=xxx.yy.model.proto.DataModel$PlayerModel$Builder.buildPartial()Lrydl/commons/model/proto/DataModel$PlayerModel; @ 30
Event: 190739.254 Thread 0x00007fdf15f11000 Uncommon trap: reason=unstable_if action=reinterpret pc=0x00007fdf071c488c method=xxx.yy.model.proto.DataModel$PlayerModel.hasDirty()Z @ 7
Event: 193755.595 Thread 0x00007fdf15ad2800 Uncommon trap: reason=unstable_if action=reinterpret pc=0x00007fdf06d7de9c method=xxx.yy.database.dao.LotteryPetCardModelDao$1.handleRead(Ljava/sql/ResultSet;)V @ 6
Event: 193755.596 Thread 0x00007fdf15adc800 Uncommon trap: reason=unstable_if action=reinterpret pc=0x00007fdf06b0d45c method=xxx.yy.database.dao.LotteryPetCardModelDao$1.handleRead(Ljava/sql/ResultSet;)V @ 6
Event: 193755.597 Thread 0x00007fdf15ad2800 Uncommon trap: reason=unstable_if action=reinterpret pc=0x00007fdf070a21a0 method=xxx.yy.database.services.PlayerDbService.readCharacterCacheDataFromDB(J)Lxxx/yydatabase/cache/CharacterCacheData; @ 82
Event: 193755.598 Thread 0x00007fdf15adc800 Uncommon trap: reason=unstable_if action=reinterpret pc=0x00007fdf070a21a0 method=xxx.yy.database.services.PlayerDbService.readCharacterCacheDataFromDB(J)Lxxx/yydatabase/cache/CharacterCacheData; @ 82
Event: 193755.599 Thread 0x00007fdf15ac8800 Uncommon trap: reason=unstable_if action=reinterpret pc=0x00007fdf070a21a0 method=xxx.yy.database.services.PlayerDbService.readCharacterCacheDataFromDB(J)Lxxx/yydatabase/cache/CharacterCacheData; @ 82

// 内部异常
Internal exceptions (10 events):
Event: 109891.065 Thread 0x00007fdf15f11000 Implicit null exception at 0x00007fdf075d7020 to 0x00007fdf075da461
Event: 118473.063 Thread 0x00007fdf15ae9000 Implicit null exception at 0x00007fdf05bcaba3 to 0x00007fdf05bcb135
Event: 118473.063 Thread 0x00007fdf15ae9000 Implicit null exception at 0x00007fdf069e31d4 to 0x00007fdf069e4afd
Event: 119309.203 Thread 0x00007fdf15ae9000 Implicit null exception at 0x00007fdf06cfe82c to 0x00007fdf06cff395
Event: 153568.486 Thread 0x00007fdea4009000 Implicit null exception at 0x00007fdf05936f7e to 0x00007fdf059377f9
Event: 188316.775 Thread 0x00007fdf15abc800 Exception <a 'java/lang/NullPointerException'> (0x00000000f78d5e90) thrown at [/HUDSON/workspace/8-2-build-linux-amd64/jdk8u60/4407/hotspot/src/share/vm/interpreter/linkResolver.cpp, line 1280]
Event: 188377.250 Thread 0x00007fdf15ad0800 Exception <a 'java/lang/NullPointerException'> (0x00000000f1a4fc60) thrown at [/HUDSON/workspace/8-2-build-linux-amd64/jdk8u60/4407/hotspot/src/share/vm/interpreter/linkResolver.cpp, line 1280]
Event: 188437.498 Thread 0x00007fdf15b06000 Exception <a 'java/lang/ClassNotFoundException': xxx/yymall/MallWeeklyCleanJobBeanInfo> (0x00000000f16a0390) thrown at [/HUDSON/workspace/8-2-build-linux-amd64/jdk8u60/4407/hotspot/src/share/vm/classfile/systemDictionary.cpp, line 210]
Event: 188437.499 Thread 0x00007fdf15b06000 Exception <a 'java/lang/ClassNotFoundException': xxx/yymall/MallWeeklyCleanJobCustomizer> (0x00000000f16b3810) thrown at [/HUDSON/workspace/8-2-build-linux-amd64/jdk8u60/4407/hotspot/src/share/vm/classfile/systemDictionary.cpp, line 210]
Event: 188437.499 Thread 0x00007fdf15b06000 Implicit null exception at 0x00007fdf05f7091d to 0x00007fdf05f70fc5

